

Started GET "/" for ::1 at 2015-10-24 18:38:15 -0700
Processing by Rails::WelcomeController#index as HTML
  Rendered /Users/apprentice/.rbenv/versions/2.0.0-p353/lib/ruby/gems/2.0.0/gems/railties-4.2.4/lib/rails/templates/rails/welcome/index.html.erb (1.6ms)
Completed 200 OK in 8ms (Views: 7.6ms | ActiveRecord: 0.0ms)


Started GET "/api/users" for ::1 at 2015-10-24 18:38:17 -0700
Processing by Api::UsersController#index as HTML
Completed 200 OK in 1ms (Views: 0.1ms | ActiveRecord: 0.0ms)


Started GET "/api/users.json" for ::1 at 2015-10-24 18:45:31 -0700
Processing by Api::UsersController#index as JSON
Completed 200 OK in 0ms (Views: 0.2ms | ActiveRecord: 0.0ms)


Started GET "/api/users" for ::1 at 2015-10-24 18:45:39 -0700
Processing by Api::UsersController#index as HTML
Completed 200 OK in 0ms (Views: 0.1ms | ActiveRecord: 0.0ms)


Started GET "/api/users" for ::1 at 2015-10-24 18:46:21 -0700
Processing by Api::UsersController#index as HTML
Completed 200 OK in 0ms (Views: 0.2ms | ActiveRecord: 0.0ms)


Started POST "/api/users" for ::1 at 2015-10-24 18:51:28 -0700
Processing by Api::UsersController#create as */*
  Parameters: {"name"=>"utsab", "email"=>"utsab.k.saha@gmail.com"}
Completed 200 OK in 0ms (ActiveRecord: 0.0ms)


Started GET "/" for ::1 at 2015-10-24 20:55:52 -0700
Processing by Rails::WelcomeController#index as HTML
  Rendered /Users/apprentice/.rbenv/versions/2.0.0-p353/lib/ruby/gems/2.0.0/gems/railties-4.2.4/lib/rails/templates/rails/welcome/index.html.erb (0.1ms)
Completed 200 OK in 3ms (Views: 3.0ms | ActiveRecord: 0.0ms)


Started GET "/api/users" for ::1 at 2015-10-24 20:55:55 -0700
Processing by Api::UsersController#index as HTML
Completed 500 Internal Server Error in 3ms (ActiveRecord: 0.0ms)

ActionView::MissingTemplate (Missing template api/users/index, application/index with {:locale=>[:en], :formats=>[:html], :variants=>[], :handlers=>[:erb, :builder, :raw, :ruby]}. Searched in:
):
  app/controllers/api/users_controller.rb:5:in `index'


  Rendered /Users/apprentice/.rbenv/versions/2.0.0-p353/lib/ruby/gems/2.0.0/gems/actionpack-4.2.4/lib/action_dispatch/middleware/templates/rescues/_source.erb (4.2ms)
  Rendered /Users/apprentice/.rbenv/versions/2.0.0-p353/lib/ruby/gems/2.0.0/gems/actionpack-4.2.4/lib/action_dispatch/middleware/templates/rescues/_trace.html.erb (1.8ms)
  Rendered /Users/apprentice/.rbenv/versions/2.0.0-p353/lib/ruby/gems/2.0.0/gems/actionpack-4.2.4/lib/action_dispatch/middleware/templates/rescues/_request_and_response.html.erb (0.7ms)
  Rendered /Users/apprentice/.rbenv/versions/2.0.0-p353/lib/ruby/gems/2.0.0/gems/actionpack-4.2.4/lib/action_dispatch/middleware/templates/rescues/missing_template.html.erb within rescues/layout (17.9ms)


Started GET "/api/users/index" for ::1 at 2015-10-24 20:56:48 -0700

AbstractController::ActionNotFound (The action 'show' could not be found for Api::UsersController):
  actionpack (4.2.4) lib/abstract_controller/base.rb:132:in `process'
  actionview (4.2.4) lib/action_view/rendering.rb:30:in `process'
  actionpack (4.2.4) lib/action_controller/metal.rb:196:in `dispatch'
  actionpack (4.2.4) lib/action_controller/metal/rack_delegation.rb:13:in `dispatch'
  actionpack (4.2.4) lib/action_controller/metal.rb:237:in `block in action'
  actionpack (4.2.4) lib/action_dispatch/routing/route_set.rb:76:in `call'
  actionpack (4.2.4) lib/action_dispatch/routing/route_set.rb:76:in `dispatch'
  actionpack (4.2.4) lib/action_dispatch/routing/route_set.rb:45:in `serve'
  actionpack (4.2.4) lib/action_dispatch/journey/router.rb:43:in `block in serve'
  actionpack (4.2.4) lib/action_dispatch/journey/router.rb:30:in `each'
  actionpack (4.2.4) lib/action_dispatch/journey/router.rb:30:in `serve'
  actionpack (4.2.4) lib/action_dispatch/routing/route_set.rb:821:in `call'
  rack (1.6.4) lib/rack/etag.rb:24:in `call'
  rack (1.6.4) lib/rack/conditionalget.rb:25:in `call'
  rack (1.6.4) lib/rack/head.rb:13:in `call'
  actionpack (4.2.4) lib/action_dispatch/middleware/params_parser.rb:27:in `call'
  activerecord (4.2.4) lib/active_record/query_cache.rb:36:in `call'
  activerecord (4.2.4) lib/active_record/connection_adapters/abstract/connection_pool.rb:653:in `call'
  activerecord (4.2.4) lib/active_record/migration.rb:377:in `call'
  actionpack (4.2.4) lib/action_dispatch/middleware/callbacks.rb:29:in `block in call'
  activesupport (4.2.4) lib/active_support/callbacks.rb:88:in `__run_callbacks__'
  activesupport (4.2.4) lib/active_support/callbacks.rb:778:in `_run_call_callbacks'
  activesupport (4.2.4) lib/active_support/callbacks.rb:81:in `run_callbacks'
  actionpack (4.2.4) lib/action_dispatch/middleware/callbacks.rb:27:in `call'
  actionpack (4.2.4) lib/action_dispatch/middleware/reloader.rb:73:in `call'
  actionpack (4.2.4) lib/action_dispatch/middleware/remote_ip.rb:78:in `call'
  actionpack (4.2.4) lib/action_dispatch/middleware/debug_exceptions.rb:17:in `call'
  actionpack (4.2.4) lib/action_dispatch/middleware/show_exceptions.rb:30:in `call'
  railties (4.2.4) lib/rails/rack/logger.rb:38:in `call_app'
  railties (4.2.4) lib/rails/rack/logger.rb:20:in `block in call'
  activesupport (4.2.4) lib/active_support/tagged_logging.rb:68:in `block in tagged'
  activesupport (4.2.4) lib/active_support/tagged_logging.rb:26:in `tagged'
  activesupport (4.2.4) lib/active_support/tagged_logging.rb:68:in `tagged'
  railties (4.2.4) lib/rails/rack/logger.rb:20:in `call'
  actionpack (4.2.4) lib/action_dispatch/middleware/request_id.rb:21:in `call'
  rack (1.6.4) lib/rack/runtime.rb:18:in `call'
  activesupport (4.2.4) lib/active_support/cache/strategy/local_cache_middleware.rb:28:in `call'
  rack (1.6.4) lib/rack/lock.rb:17:in `call'
  actionpack (4.2.4) lib/action_dispatch/middleware/static.rb:116:in `call'
  railties (4.2.4) lib/rails/engine.rb:518:in `call'
  railties (4.2.4) lib/rails/application.rb:165:in `call'
  rack (1.6.4) lib/rack/lock.rb:17:in `call'
  rack (1.6.4) lib/rack/content_length.rb:15:in `call'
  rack (1.6.4) lib/rack/handler/webrick.rb:88:in `service'
  /Users/apprentice/.rbenv/versions/2.0.0-p353/lib/ruby/2.0.0/webrick/httpserver.rb:138:in `service'
  /Users/apprentice/.rbenv/versions/2.0.0-p353/lib/ruby/2.0.0/webrick/httpserver.rb:94:in `run'
  /Users/apprentice/.rbenv/versions/2.0.0-p353/lib/ruby/2.0.0/webrick/server.rb:295:in `block in start_thread'


  Rendered /Users/apprentice/.rbenv/versions/2.0.0-p353/lib/ruby/gems/2.0.0/gems/actionpack-4.2.4/lib/action_dispatch/middleware/templates/rescues/unknown_action.html.erb within rescues/layout (0.4ms)


Started GET "/api/users" for ::1 at 2015-10-24 21:00:58 -0700
Processing by Api::UsersController#index as HTML
Completed 500 Internal Server Error in 2ms (ActiveRecord: 0.0ms)

NoMethodError (undefined method `respond_to' for #<Api::UsersController:0x007f988e2ecfb0>):
  app/controllers/api/users_controller.rb:4:in `index'


  Rendered /Users/apprentice/.rbenv/versions/2.0.0-p353/lib/ruby/gems/2.0.0/gems/actionpack-4.2.4/lib/action_dispatch/middleware/templates/rescues/_source.erb (3.2ms)
  Rendered /Users/apprentice/.rbenv/versions/2.0.0-p353/lib/ruby/gems/2.0.0/gems/actionpack-4.2.4/lib/action_dispatch/middleware/templates/rescues/_trace.html.erb (1.7ms)
  Rendered /Users/apprentice/.rbenv/versions/2.0.0-p353/lib/ruby/gems/2.0.0/gems/actionpack-4.2.4/lib/action_dispatch/middleware/templates/rescues/_request_and_response.html.erb (0.9ms)
  Rendered /Users/apprentice/.rbenv/versions/2.0.0-p353/lib/ruby/gems/2.0.0/gems/actionpack-4.2.4/lib/action_dispatch/middleware/templates/rescues/diagnostics.html.erb within rescues/layout (17.7ms)


Started GET "/api/users" for ::1 at 2015-10-24 21:01:00 -0700
Processing by Api::UsersController#index as HTML
Completed 500 Internal Server Error in 1ms (ActiveRecord: 0.0ms)

NoMethodError (undefined method `respond_to' for #<Api::UsersController:0x007f988e11e760>):
  app/controllers/api/users_controller.rb:4:in `index'


  Rendered /Users/apprentice/.rbenv/versions/2.0.0-p353/lib/ruby/gems/2.0.0/gems/actionpack-4.2.4/lib/action_dispatch/middleware/templates/rescues/_source.erb (3.2ms)
  Rendered /Users/apprentice/.rbenv/versions/2.0.0-p353/lib/ruby/gems/2.0.0/gems/actionpack-4.2.4/lib/action_dispatch/middleware/templates/rescues/_trace.html.erb (1.2ms)
  Rendered /Users/apprentice/.rbenv/versions/2.0.0-p353/lib/ruby/gems/2.0.0/gems/actionpack-4.2.4/lib/action_dispatch/middleware/templates/rescues/_request_and_response.html.erb (0.5ms)
  Rendered /Users/apprentice/.rbenv/versions/2.0.0-p353/lib/ruby/gems/2.0.0/gems/actionpack-4.2.4/lib/action_dispatch/middleware/templates/rescues/diagnostics.html.erb within rescues/layout (14.2ms)


Started GET "/" for ::1 at 2015-10-24 21:02:37 -0700
Processing by Rails::WelcomeController#index as HTML
  Rendered /Users/apprentice/.rbenv/versions/2.0.0-p353/lib/ruby/gems/2.0.0/gems/railties-4.2.4/lib/rails/templates/rails/welcome/index.html.erb (0.2ms)
Completed 200 OK in 3ms (Views: 2.5ms | ActiveRecord: 0.0ms)


Started GET "/api/users" for ::1 at 2015-10-24 21:02:42 -0700
Processing by Api::UsersController#index as HTML
Completed 500 Internal Server Error in 3ms (ActiveRecord: 0.0ms)

ActionView::MissingTemplate (Missing partial views/_index.html.erb with {:locale=>[:en], :formats=>[:html], :variants=>[], :handlers=>[:erb, :builder, :raw, :ruby]}. Searched in:
):
  app/controllers/api/users_controller.rb:4:in `index'


  Rendered /Users/apprentice/.rbenv/versions/2.0.0-p353/lib/ruby/gems/2.0.0/gems/actionpack-4.2.4/lib/action_dispatch/middleware/templates/rescues/_source.erb (3.4ms)
  Rendered /Users/apprentice/.rbenv/versions/2.0.0-p353/lib/ruby/gems/2.0.0/gems/actionpack-4.2.4/lib/action_dispatch/middleware/templates/rescues/_trace.html.erb (1.5ms)
  Rendered /Users/apprentice/.rbenv/versions/2.0.0-p353/lib/ruby/gems/2.0.0/gems/actionpack-4.2.4/lib/action_dispatch/middleware/templates/rescues/_request_and_response.html.erb (0.7ms)
  Rendered /Users/apprentice/.rbenv/versions/2.0.0-p353/lib/ruby/gems/2.0.0/gems/actionpack-4.2.4/lib/action_dispatch/middleware/templates/rescues/missing_template.html.erb within rescues/layout (13.4ms)


Started GET "/" for ::1 at 2015-10-24 21:02:50 -0700
Processing by Rails::WelcomeController#index as HTML
  Rendered /Users/apprentice/.rbenv/versions/2.0.0-p353/lib/ruby/gems/2.0.0/gems/railties-4.2.4/lib/rails/templates/rails/welcome/index.html.erb (0.1ms)
Completed 200 OK in 2ms (Views: 1.3ms | ActiveRecord: 0.0ms)


Started GET "/" for ::1 at 2015-10-24 21:03:40 -0700
Processing by Rails::WelcomeController#index as HTML
  Rendered /Users/apprentice/.rbenv/versions/2.0.0-p353/lib/ruby/gems/2.0.0/gems/railties-4.2.4/lib/rails/templates/rails/welcome/index.html.erb (0.0ms)
Completed 200 OK in 1ms (Views: 0.8ms | ActiveRecord: 0.0ms)


Started GET "/api/users" for ::1 at 2015-10-24 21:03:43 -0700
Processing by Api::UsersController#index as HTML
Completed 500 Internal Server Error in 1ms (ActiveRecord: 0.0ms)

ActionView::MissingTemplate (Missing partial api/users/_index, application/_index with {:locale=>[:en], :formats=>[:html], :variants=>[], :handlers=>[:erb, :builder, :raw, :ruby]}. Searched in:
):
  app/controllers/api/users_controller.rb:4:in `index'


  Rendered /Users/apprentice/.rbenv/versions/2.0.0-p353/lib/ruby/gems/2.0.0/gems/actionpack-4.2.4/lib/action_dispatch/middleware/templates/rescues/_source.erb (3.3ms)
  Rendered /Users/apprentice/.rbenv/versions/2.0.0-p353/lib/ruby/gems/2.0.0/gems/actionpack-4.2.4/lib/action_dispatch/middleware/templates/rescues/_trace.html.erb (1.4ms)
  Rendered /Users/apprentice/.rbenv/versions/2.0.0-p353/lib/ruby/gems/2.0.0/gems/actionpack-4.2.4/lib/action_dispatch/middleware/templates/rescues/_request_and_response.html.erb (0.5ms)
  Rendered /Users/apprentice/.rbenv/versions/2.0.0-p353/lib/ruby/gems/2.0.0/gems/actionpack-4.2.4/lib/action_dispatch/middleware/templates/rescues/missing_template.html.erb within rescues/layout (12.4ms)


Started GET "/api/users" for ::1 at 2015-10-24 21:03:53 -0700
Processing by Api::UsersController#index as HTML
Completed 500 Internal Server Error in 1ms (ActiveRecord: 0.0ms)

ActionView::MissingTemplate (Missing partial api/users/__index, application/__index with {:locale=>[:en], :formats=>[:html], :variants=>[], :handlers=>[:erb, :builder, :raw, :ruby]}. Searched in:
):
  app/controllers/api/users_controller.rb:4:in `index'


  Rendered /Users/apprentice/.rbenv/versions/2.0.0-p353/lib/ruby/gems/2.0.0/gems/actionpack-4.2.4/lib/action_dispatch/middleware/templates/rescues/_source.erb (3.9ms)
  Rendered /Users/apprentice/.rbenv/versions/2.0.0-p353/lib/ruby/gems/2.0.0/gems/actionpack-4.2.4/lib/action_dispatch/middleware/templates/rescues/_trace.html.erb (1.5ms)
  Rendered /Users/apprentice/.rbenv/versions/2.0.0-p353/lib/ruby/gems/2.0.0/gems/actionpack-4.2.4/lib/action_dispatch/middleware/templates/rescues/_request_and_response.html.erb (0.7ms)
  Rendered /Users/apprentice/.rbenv/versions/2.0.0-p353/lib/ruby/gems/2.0.0/gems/actionpack-4.2.4/lib/action_dispatch/middleware/templates/rescues/missing_template.html.erb within rescues/layout (13.8ms)


Started GET "/api/users" for ::1 at 2015-10-24 21:04:19 -0700
Processing by Api::UsersController#index as HTML
Completed 500 Internal Server Error in 1ms (ActiveRecord: 0.0ms)

ActionView::MissingTemplate (Missing partial api/users/_index, application/_index with {:locale=>[:en], :formats=>[:html], :variants=>[], :handlers=>[:erb, :builder, :raw, :ruby]}. Searched in:
):
  app/controllers/api/users_controller.rb:4:in `index'


  Rendered /Users/apprentice/.rbenv/versions/2.0.0-p353/lib/ruby/gems/2.0.0/gems/actionpack-4.2.4/lib/action_dispatch/middleware/templates/rescues/_source.erb (3.9ms)
  Rendered /Users/apprentice/.rbenv/versions/2.0.0-p353/lib/ruby/gems/2.0.0/gems/actionpack-4.2.4/lib/action_dispatch/middleware/templates/rescues/_trace.html.erb (1.7ms)
  Rendered /Users/apprentice/.rbenv/versions/2.0.0-p353/lib/ruby/gems/2.0.0/gems/actionpack-4.2.4/lib/action_dispatch/middleware/templates/rescues/_request_and_response.html.erb (0.7ms)
  Rendered /Users/apprentice/.rbenv/versions/2.0.0-p353/lib/ruby/gems/2.0.0/gems/actionpack-4.2.4/lib/action_dispatch/middleware/templates/rescues/missing_template.html.erb within rescues/layout (14.3ms)


Started GET "/api/users" for ::1 at 2015-10-24 21:06:18 -0700
Processing by Api::UsersController#index as HTML
Completed 200 OK in 0ms (ActiveRecord: 0.0ms)


Started GET "/api/users" for ::1 at 2015-10-24 21:06:21 -0700
Processing by Api::UsersController#index as HTML
Completed 200 OK in 0ms (ActiveRecord: 0.0ms)


Started GET "/api/users" for ::1 at 2015-10-24 21:06:34 -0700
Processing by Api::UsersController#index as HTML
Completed 200 OK in 0ms (ActiveRecord: 0.0ms)


Started GET "/api/users" for ::1 at 2015-10-24 21:06:41 -0700
Processing by Api::UsersController#index as HTML
Completed 200 OK in 0ms (ActiveRecord: 0.0ms)


Started GET "/" for ::1 at 2015-10-24 21:06:44 -0700
Processing by Rails::WelcomeController#index as HTML
  Rendered /Users/apprentice/.rbenv/versions/2.0.0-p353/lib/ruby/gems/2.0.0/gems/railties-4.2.4/lib/rails/templates/rails/welcome/index.html.erb (0.1ms)
Completed 200 OK in 1ms (Views: 0.8ms | ActiveRecord: 0.0ms)


Started GET "/" for ::1 at 2015-10-24 21:06:49 -0700
Processing by Rails::WelcomeController#index as HTML
  Rendered /Users/apprentice/.rbenv/versions/2.0.0-p353/lib/ruby/gems/2.0.0/gems/railties-4.2.4/lib/rails/templates/rails/welcome/index.html.erb (0.0ms)
Completed 200 OK in 1ms (Views: 0.6ms | ActiveRecord: 0.0ms)


Started GET "/api/users" for ::1 at 2015-10-24 21:06:54 -0700
Processing by Api::UsersController#index as HTML
Completed 200 OK in 0ms (ActiveRecord: 0.0ms)


Started GET "/api/users" for ::1 at 2015-10-24 21:07:58 -0700
Processing by Api::UsersController#index as HTML
Completed 200 OK in 0ms (ActiveRecord: 0.0ms)


Started GET "/api/users" for ::1 at 2015-10-24 21:07:59 -0700
Processing by Api::UsersController#index as HTML
Completed 200 OK in 0ms (ActiveRecord: 0.0ms)


Started GET "/api/users" for ::1 at 2015-10-24 21:08:15 -0700
Processing by Api::UsersController#index as HTML
Completed 200 OK in 0ms (ActiveRecord: 0.0ms)


Started GET "/api/users" for ::1 at 2015-10-24 21:08:17 -0700
Processing by Api::UsersController#index as HTML
Completed 200 OK in 0ms (ActiveRecord: 0.0ms)


Started GET "/" for ::1 at 2015-10-24 21:08:19 -0700
Processing by Rails::WelcomeController#index as HTML
  Rendered /Users/apprentice/.rbenv/versions/2.0.0-p353/lib/ruby/gems/2.0.0/gems/railties-4.2.4/lib/rails/templates/rails/welcome/index.html.erb (1.7ms)
Completed 200 OK in 9ms (Views: 8.4ms | ActiveRecord: 0.0ms)


Started GET "/api/users" for ::1 at 2015-10-24 21:08:22 -0700
Processing by Api::UsersController#index as HTML
Completed 200 OK in 0ms (ActiveRecord: 0.0ms)


Started GET "/api/users" for ::1 at 2015-10-24 21:09:54 -0700
Processing by Api::UsersController#index as HTML
Completed 200 OK in 0ms (ActiveRecord: 0.0ms)


Started GET "/api/users" for ::1 at 2015-10-24 21:09:56 -0700
Processing by Api::UsersController#index as HTML
Completed 200 OK in 0ms (ActiveRecord: 0.0ms)


Started GET "/api/users" for ::1 at 2015-10-24 21:09:57 -0700
Processing by Api::UsersController#index as HTML
Completed 200 OK in 0ms (ActiveRecord: 0.0ms)


Started GET "/api/users" for ::1 at 2015-10-24 21:10:39 -0700
Processing by Api::UsersController#index as HTML
Completed 200 OK in 0ms (ActiveRecord: 0.0ms)


Started GET "/api/users" for ::1 at 2015-10-24 21:10:40 -0700
Processing by Api::UsersController#index as HTML
Completed 200 OK in 0ms (ActiveRecord: 0.0ms)


Started GET "/api/users" for ::1 at 2015-10-24 21:12:09 -0700
Processing by Api::UsersController#index as HTML
  Rendered api/users/index.html.erb (0.5ms)
Completed 200 OK in 2ms (Views: 1.9ms | ActiveRecord: 0.0ms)


Started GET "/api/users" for ::1 at 2015-10-24 21:13:39 -0700
Processing by Api::UsersController#index as HTML
Completed 500 Internal Server Error in 4ms (ActiveRecord: 0.0ms)

ActionView::MissingTemplate (Missing template api/users/index, application/index with {:locale=>[:en], :formats=>[:html], :variants=>[], :handlers=>[:erb, :builder, :raw, :ruby]}. Searched in:
  * "/Users/apprentice/Desktop/test_api/app/views"
):
  app/controllers/api/users_controller.rb:4:in `index'


  Rendered /Users/apprentice/.rbenv/versions/2.0.0-p353/lib/ruby/gems/2.0.0/gems/actionpack-4.2.4/lib/action_dispatch/middleware/templates/rescues/_source.erb (5.1ms)
  Rendered /Users/apprentice/.rbenv/versions/2.0.0-p353/lib/ruby/gems/2.0.0/gems/actionpack-4.2.4/lib/action_dispatch/middleware/templates/rescues/_trace.html.erb (2.2ms)
  Rendered /Users/apprentice/.rbenv/versions/2.0.0-p353/lib/ruby/gems/2.0.0/gems/actionpack-4.2.4/lib/action_dispatch/middleware/templates/rescues/_request_and_response.html.erb (0.9ms)
  Rendered /Users/apprentice/.rbenv/versions/2.0.0-p353/lib/ruby/gems/2.0.0/gems/actionpack-4.2.4/lib/action_dispatch/middleware/templates/rescues/missing_template.html.erb within rescues/layout (20.5ms)


Started GET "/api/users" for ::1 at 2015-10-24 21:13:54 -0700
Processing by Api::UsersController#index as HTML
Completed 500 Internal Server Error in 1ms (ActiveRecord: 0.0ms)

ActionView::MissingTemplate (Missing template api/users/index, application/index with {:locale=>[:en], :formats=>[:html], :variants=>[], :handlers=>[:erb, :builder, :raw, :ruby]}. Searched in:
  * "/Users/apprentice/Desktop/test_api/app/views"
):
  app/controllers/api/users_controller.rb:4:in `index'


  Rendered /Users/apprentice/.rbenv/versions/2.0.0-p353/lib/ruby/gems/2.0.0/gems/actionpack-4.2.4/lib/action_dispatch/middleware/templates/rescues/_source.erb (3.6ms)
  Rendered /Users/apprentice/.rbenv/versions/2.0.0-p353/lib/ruby/gems/2.0.0/gems/actionpack-4.2.4/lib/action_dispatch/middleware/templates/rescues/_trace.html.erb (2.0ms)
  Rendered /Users/apprentice/.rbenv/versions/2.0.0-p353/lib/ruby/gems/2.0.0/gems/actionpack-4.2.4/lib/action_dispatch/middleware/templates/rescues/_request_and_response.html.erb (1.2ms)
  Rendered /Users/apprentice/.rbenv/versions/2.0.0-p353/lib/ruby/gems/2.0.0/gems/actionpack-4.2.4/lib/action_dispatch/middleware/templates/rescues/missing_template.html.erb within rescues/layout (17.3ms)


Started GET "/api/users" for ::1 at 2015-10-24 21:14:23 -0700
Processing by Api::UsersController#index as HTML
  Rendered api/users/index.html.erb (0.3ms)
Completed 200 OK in 1ms (Views: 1.3ms | ActiveRecord: 0.0ms)


Started GET "/api/users" for ::1 at 2015-10-24 21:14:32 -0700
Processing by Api::UsersController#index as HTML
  Rendered api/users/index.html.erb (0.3ms)
Completed 200 OK in 1ms (Views: 1.1ms | ActiveRecord: 0.0ms)


Started GET "/api/users" for ::1 at 2015-10-24 21:16:04 -0700
Processing by Api::UsersController#index as HTML
  Rendered api/users/index.html.erb (0.4ms)
Completed 200 OK in 2ms (Views: 1.6ms | ActiveRecord: 0.0ms)


Started GET "/api/users" for ::1 at 2015-10-24 21:16:06 -0700
Processing by Api::UsersController#index as HTML
  Rendered api/users/index.html.erb (0.0ms)
Completed 200 OK in 1ms (Views: 0.7ms | ActiveRecord: 0.0ms)


Started GET "/api/users" for ::1 at 2015-10-24 21:16:07 -0700
Processing by Api::UsersController#index as HTML
  Rendered api/users/index.html.erb (0.0ms)
Completed 200 OK in 1ms (Views: 0.8ms | ActiveRecord: 0.0ms)


Started GET "/api/users" for ::1 at 2015-10-24 21:16:40 -0700
Processing by Api::UsersController#index as HTML
  Rendered api/users/index.html.erb (0.3ms)
Completed 200 OK in 1ms (Views: 0.9ms | ActiveRecord: 0.0ms)


Started GET "/api/users" for ::1 at 2015-10-24 21:17:35 -0700

SyntaxError (/Users/apprentice/Desktop/test_api/app/controllers/api/users_controller.rb:5: syntax error, unexpected tCONSTANT, expecting keyword_end
    return render :js => "alert("Hello Rails");"
                                      ^):
  app/controllers/api/users_controller.rb:5: syntax error, unexpected tCONSTANT, expecting keyword_end


  Rendered /Users/apprentice/.rbenv/versions/2.0.0-p353/lib/ruby/gems/2.0.0/gems/actionpack-4.2.4/lib/action_dispatch/middleware/templates/rescues/_source.erb (3.4ms)
  Rendered /Users/apprentice/.rbenv/versions/2.0.0-p353/lib/ruby/gems/2.0.0/gems/actionpack-4.2.4/lib/action_dispatch/middleware/templates/rescues/_trace.html.erb (1.6ms)
  Rendered /Users/apprentice/.rbenv/versions/2.0.0-p353/lib/ruby/gems/2.0.0/gems/actionpack-4.2.4/lib/action_dispatch/middleware/templates/rescues/_request_and_response.html.erb (1.0ms)
  Rendered /Users/apprentice/.rbenv/versions/2.0.0-p353/lib/ruby/gems/2.0.0/gems/actionpack-4.2.4/lib/action_dispatch/middleware/templates/rescues/diagnostics.html.erb within rescues/layout (18.7ms)


Started GET "/api/users" for ::1 at 2015-10-24 21:17:55 -0700
Processing by Api::UsersController#index as HTML
  Rendered api/users/index.html.erb (0.2ms)
Completed 500 Internal Server Error in 2ms (Views: 1.2ms | ActiveRecord: 0.0ms)

AbstractController::DoubleRenderError (Render and/or redirect were called multiple times in this action. Please note that you may only call render OR redirect, and at most once per action. Also note that neither redirect nor render terminate execution of the action, so if you want to exit an action after redirecting, you need to do something like "redirect_to(...) and return".):
  app/controllers/api/users_controller.rb:5:in `index'


  Rendered /Users/apprentice/.rbenv/versions/2.0.0-p353/lib/ruby/gems/2.0.0/gems/actionpack-4.2.4/lib/action_dispatch/middleware/templates/rescues/_source.erb (39.7ms)
  Rendered /Users/apprentice/.rbenv/versions/2.0.0-p353/lib/ruby/gems/2.0.0/gems/actionpack-4.2.4/lib/action_dispatch/middleware/templates/rescues/_trace.html.erb (1.7ms)
  Rendered /Users/apprentice/.rbenv/versions/2.0.0-p353/lib/ruby/gems/2.0.0/gems/actionpack-4.2.4/lib/action_dispatch/middleware/templates/rescues/_request_and_response.html.erb (0.6ms)
  Rendered /Users/apprentice/.rbenv/versions/2.0.0-p353/lib/ruby/gems/2.0.0/gems/actionpack-4.2.4/lib/action_dispatch/middleware/templates/rescues/diagnostics.html.erb within rescues/layout (52.1ms)


Started GET "/api/users" for ::1 at 2015-10-24 21:18:15 -0700
Processing by Api::UsersController#index as HTML
Completed 200 OK in 0ms (Views: 0.1ms | ActiveRecord: 0.0ms)


Started GET "/api/users" for ::1 at 2015-10-24 21:18:26 -0700
Processing by Api::UsersController#index as HTML
  Rendered api/users/index.html.erb (0.0ms)
Completed 200 OK in 1ms (Views: 0.8ms | ActiveRecord: 0.0ms)


Started GET "/api/users" for ::1 at 2015-10-24 21:19:25 -0700
Processing by Api::UsersController#index as HTML
  Rendered api/users/index.html.erb (0.4ms)
Completed 200 OK in 1ms (Views: 1.2ms | ActiveRecord: 0.0ms)


Started GET "/api/users" for ::1 at 2015-10-24 21:20:03 -0700
Processing by Api::UsersController#index as HTML
  Rendered api/users/index.html.erb (0.4ms)
Completed 200 OK in 1ms (Views: 1.2ms | ActiveRecord: 0.0ms)


Started POST "/checkout" for ::1 at 2015-10-24 21:20:05 -0700

ActionController::RoutingError (No route matches [POST] "/checkout"):
  actionpack (4.2.4) lib/action_dispatch/middleware/debug_exceptions.rb:21:in `call'
  actionpack (4.2.4) lib/action_dispatch/middleware/show_exceptions.rb:30:in `call'
  railties (4.2.4) lib/rails/rack/logger.rb:38:in `call_app'
  railties (4.2.4) lib/rails/rack/logger.rb:20:in `block in call'
  activesupport (4.2.4) lib/active_support/tagged_logging.rb:68:in `block in tagged'
  activesupport (4.2.4) lib/active_support/tagged_logging.rb:26:in `tagged'
  activesupport (4.2.4) lib/active_support/tagged_logging.rb:68:in `tagged'
  railties (4.2.4) lib/rails/rack/logger.rb:20:in `call'
  actionpack (4.2.4) lib/action_dispatch/middleware/request_id.rb:21:in `call'
  rack (1.6.4) lib/rack/runtime.rb:18:in `call'
  activesupport (4.2.4) lib/active_support/cache/strategy/local_cache_middleware.rb:28:in `call'
  rack (1.6.4) lib/rack/lock.rb:17:in `call'
  actionpack (4.2.4) lib/action_dispatch/middleware/static.rb:116:in `call'
  railties (4.2.4) lib/rails/engine.rb:518:in `call'
  railties (4.2.4) lib/rails/application.rb:165:in `call'
  rack (1.6.4) lib/rack/lock.rb:17:in `call'
  rack (1.6.4) lib/rack/content_length.rb:15:in `call'
  rack (1.6.4) lib/rack/handler/webrick.rb:88:in `service'
  /Users/apprentice/.rbenv/versions/2.0.0-p353/lib/ruby/2.0.0/webrick/httpserver.rb:138:in `service'
  /Users/apprentice/.rbenv/versions/2.0.0-p353/lib/ruby/2.0.0/webrick/httpserver.rb:94:in `run'
  /Users/apprentice/.rbenv/versions/2.0.0-p353/lib/ruby/2.0.0/webrick/server.rb:295:in `block in start_thread'


  Rendered /Users/apprentice/.rbenv/versions/2.0.0-p353/lib/ruby/gems/2.0.0/gems/actionpack-4.2.4/lib/action_dispatch/middleware/templates/rescues/_trace.html.erb (1.6ms)
  Rendered /Users/apprentice/.rbenv/versions/2.0.0-p353/lib/ruby/gems/2.0.0/gems/actionpack-4.2.4/lib/action_dispatch/middleware/templates/routes/_route.html.erb (0.9ms)
  Rendered /Users/apprentice/.rbenv/versions/2.0.0-p353/lib/ruby/gems/2.0.0/gems/actionpack-4.2.4/lib/action_dispatch/middleware/templates/routes/_table.html.erb (8.6ms)
  Rendered /Users/apprentice/.rbenv/versions/2.0.0-p353/lib/ruby/gems/2.0.0/gems/actionpack-4.2.4/lib/action_dispatch/middleware/templates/rescues/_request_and_response.html.erb (3.2ms)
  Rendered /Users/apprentice/.rbenv/versions/2.0.0-p353/lib/ruby/gems/2.0.0/gems/actionpack-4.2.4/lib/action_dispatch/middleware/templates/rescues/routing_error.html.erb within rescues/layout (37.7ms)


Started GET "/api/users" for ::1 at 2015-10-24 21:46:29 -0700
Processing by Api::UsersController#index as HTML
  Rendered api/users/index.html.erb (0.4ms)
Completed 500 Internal Server Error in 3ms (Views: 1.8ms | ActiveRecord: 0.0ms)

NameError (uninitialized constant Api::UsersController::Braintree):
  app/controllers/api/users_controller.rb:19:in `generate_client_token'
  app/controllers/api/users_controller.rb:5:in `index'


  Rendered /Users/apprentice/.rbenv/versions/2.0.0-p353/lib/ruby/gems/2.0.0/gems/actionpack-4.2.4/lib/action_dispatch/middleware/templates/rescues/_source.erb (4.5ms)
  Rendered /Users/apprentice/.rbenv/versions/2.0.0-p353/lib/ruby/gems/2.0.0/gems/actionpack-4.2.4/lib/action_dispatch/middleware/templates/rescues/_trace.html.erb (1.9ms)
  Rendered /Users/apprentice/.rbenv/versions/2.0.0-p353/lib/ruby/gems/2.0.0/gems/actionpack-4.2.4/lib/action_dispatch/middleware/templates/rescues/_request_and_response.html.erb (0.9ms)
  Rendered /Users/apprentice/.rbenv/versions/2.0.0-p353/lib/ruby/gems/2.0.0/gems/actionpack-4.2.4/lib/action_dispatch/middleware/templates/rescues/diagnostics.html.erb within rescues/layout (21.4ms)


Started GET "/api/users" for ::1 at 2015-10-24 22:35:08 -0700
Processing by Api::UsersController#index as HTML
  Rendered api/users/index.html.erb (1.9ms)
Completed 200 OK in 1477ms (Views: 10.4ms | ActiveRecord: 0.0ms)


Started GET "/api/users" for ::1 at 2015-10-24 22:38:04 -0700
Processing by Api::UsersController#index as HTML
  Rendered api/users/index.html.erb (0.5ms)
Completed 200 OK in 609ms (Views: 2.2ms | ActiveRecord: 0.0ms)


Started GET "/api/users" for ::1 at 2015-10-24 22:45:34 -0700
Processing by Api::UsersController#index as HTML
  Rendered api/users/index.html.erb (1.0ms)
Completed 200 OK in 1637ms (Views: 3.5ms | ActiveRecord: 0.0ms)


Started GET "/api/users" for ::1 at 2015-10-24 22:46:13 -0700
Processing by Api::UsersController#index as HTML
  Rendered api/users/index.html.erb (0.6ms)
Completed 200 OK in 1076ms (Views: 2.3ms | ActiveRecord: 0.0ms)


Started GET "/api/users" for ::1 at 2015-10-24 22:46:42 -0700
Processing by Api::UsersController#index as HTML
  Rendered api/users/index.html.erb (0.8ms)
Completed 200 OK in 843ms (Views: 2.4ms | ActiveRecord: 0.0ms)


Started GET "/api/users" for ::1 at 2015-10-24 22:47:16 -0700
Processing by Api::UsersController#index as HTML
  Rendered api/users/index.html.erb (1.0ms)
Completed 200 OK in 1494ms (Views: 2.8ms | ActiveRecord: 0.0ms)


Started GET "/api/users" for ::1 at 2015-10-24 22:47:35 -0700
Processing by Api::UsersController#index as HTML
  Rendered api/users/index.html.erb (0.8ms)
Completed 200 OK in 1244ms (Views: 2.3ms | ActiveRecord: 0.0ms)


Started GET "/api/users" for ::1 at 2015-10-24 22:48:15 -0700
Processing by Api::UsersController#index as HTML
  Rendered api/users/index.html.erb (0.6ms)
Completed 200 OK in 234ms (Views: 3.0ms | ActiveRecord: 0.0ms)


Started GET "/api/users" for ::1 at 2015-10-24 23:34:53 -0700
Processing by Api::UsersController#index as HTML
Completed 500 Internal Server Error in 30064ms (ActiveRecord: 0.0ms)

SocketError (getaddrinfo: nodename nor servname provided, or not known):
  app/controllers/api/users_controller.rb:21:in `generate_client_token'
  app/controllers/api/users_controller.rb:4:in `index'


  Rendered /Users/nruthya/.rbenv/versions/2.2.1/lib/ruby/gems/2.2.0/gems/actionpack-4.2.4/lib/action_dispatch/middleware/templates/rescues/_source.erb (6.2ms)
  Rendered /Users/nruthya/.rbenv/versions/2.2.1/lib/ruby/gems/2.2.0/gems/actionpack-4.2.4/lib/action_dispatch/middleware/templates/rescues/_trace.html.erb (2.7ms)
  Rendered /Users/nruthya/.rbenv/versions/2.2.1/lib/ruby/gems/2.2.0/gems/actionpack-4.2.4/lib/action_dispatch/middleware/templates/rescues/_request_and_response.html.erb (1.3ms)
  Rendered /Users/nruthya/.rbenv/versions/2.2.1/lib/ruby/gems/2.2.0/gems/actionpack-4.2.4/lib/action_dispatch/middleware/templates/rescues/diagnostics.html.erb within rescues/layout (61.3ms)


Started GET "/api/users" for ::1 at 2015-10-24 23:35:24 -0700
Processing by Api::UsersController#index as HTML
Completed 500 Internal Server Error in 30069ms (ActiveRecord: 0.0ms)

SocketError (getaddrinfo: nodename nor servname provided, or not known):
  app/controllers/api/users_controller.rb:21:in `generate_client_token'
  app/controllers/api/users_controller.rb:4:in `index'


  Rendered /Users/nruthya/.rbenv/versions/2.2.1/lib/ruby/gems/2.2.0/gems/actionpack-4.2.4/lib/action_dispatch/middleware/templates/rescues/_source.erb (7.1ms)
  Rendered /Users/nruthya/.rbenv/versions/2.2.1/lib/ruby/gems/2.2.0/gems/actionpack-4.2.4/lib/action_dispatch/middleware/templates/rescues/_trace.html.erb (3.1ms)
  Rendered /Users/nruthya/.rbenv/versions/2.2.1/lib/ruby/gems/2.2.0/gems/actionpack-4.2.4/lib/action_dispatch/middleware/templates/rescues/_request_and_response.html.erb (1.1ms)
  Rendered /Users/nruthya/.rbenv/versions/2.2.1/lib/ruby/gems/2.2.0/gems/actionpack-4.2.4/lib/action_dispatch/middleware/templates/rescues/diagnostics.html.erb within rescues/layout (62.1ms)


Started GET "/api/users" for ::1 at 2015-10-24 23:36:04 -0700
Processing by Api::UsersController#index as HTML
Completed 500 Internal Server Error in 30077ms (ActiveRecord: 0.0ms)

SocketError (getaddrinfo: nodename nor servname provided, or not known):
  app/controllers/api/users_controller.rb:21:in `generate_client_token'
  app/controllers/api/users_controller.rb:4:in `index'


  Rendered /Users/nruthya/.rbenv/versions/2.2.1/lib/ruby/gems/2.2.0/gems/actionpack-4.2.4/lib/action_dispatch/middleware/templates/rescues/_source.erb (6.4ms)
  Rendered /Users/nruthya/.rbenv/versions/2.2.1/lib/ruby/gems/2.2.0/gems/actionpack-4.2.4/lib/action_dispatch/middleware/templates/rescues/_trace.html.erb (3.0ms)
  Rendered /Users/nruthya/.rbenv/versions/2.2.1/lib/ruby/gems/2.2.0/gems/actionpack-4.2.4/lib/action_dispatch/middleware/templates/rescues/_request_and_response.html.erb (1.3ms)
  Rendered /Users/nruthya/.rbenv/versions/2.2.1/lib/ruby/gems/2.2.0/gems/actionpack-4.2.4/lib/action_dispatch/middleware/templates/rescues/diagnostics.html.erb within rescues/layout (64.1ms)


Started GET "/api/users" for ::1 at 2015-10-24 23:36:48 -0700
Processing by Api::UsersController#index as HTML
Completed 500 Internal Server Error in 15443ms (ActiveRecord: 0.0ms)

SocketError (getaddrinfo: nodename nor servname provided, or not known):
  app/controllers/api/users_controller.rb:21:in `generate_client_token'
  app/controllers/api/users_controller.rb:4:in `index'


  Rendered /Users/nruthya/.rbenv/versions/2.2.1/lib/ruby/gems/2.2.0/gems/actionpack-4.2.4/lib/action_dispatch/middleware/templates/rescues/_source.erb (5.3ms)
  Rendered /Users/nruthya/.rbenv/versions/2.2.1/lib/ruby/gems/2.2.0/gems/actionpack-4.2.4/lib/action_dispatch/middleware/templates/rescues/_trace.html.erb (2.7ms)
  Rendered /Users/nruthya/.rbenv/versions/2.2.1/lib/ruby/gems/2.2.0/gems/actionpack-4.2.4/lib/action_dispatch/middleware/templates/rescues/_request_and_response.html.erb (1.9ms)
  Rendered /Users/nruthya/.rbenv/versions/2.2.1/lib/ruby/gems/2.2.0/gems/actionpack-4.2.4/lib/action_dispatch/middleware/templates/rescues/diagnostics.html.erb within rescues/layout (86.0ms)


Started GET "/api/users" for ::1 at 2015-10-24 23:37:17 -0700
Processing by Api::UsersController#index as HTML
  Rendered api/users/index.html.erb (0.1ms)
Completed 200 OK in 380ms (Views: 2.3ms | ActiveRecord: 0.0ms)


Started GET "/api/users" for ::1 at 2015-10-24 23:57:23 -0700
Processing by Api::UsersController#index as HTML
  Rendered api/users/index.html.erb (4.3ms)
Completed 200 OK in 547ms (Views: 9.9ms | ActiveRecord: 0.0ms)


Started GET "/api/users" for ::1 at 2015-10-25 00:21:52 -0700
Processing by Api::UsersController#index as HTML
  Rendered api/users/index.html.erb (2.0ms)
Completed 200 OK in 7ms (Views: 6.9ms | ActiveRecord: 0.0ms)


Started GET "/api/users" for ::1 at 2015-10-25 00:22:16 -0700
Processing by Api::UsersController#index as HTML
  Rendered api/users/index.html.erb (0.7ms)
Completed 200 OK in 3ms (Views: 2.9ms | ActiveRecord: 0.0ms)


Started GET "/api/users" for ::1 at 2015-10-25 00:22:19 -0700
Processing by Api::UsersController#index as HTML
  Rendered api/users/index.html.erb (0.1ms)
Completed 200 OK in 2ms (Views: 1.8ms | ActiveRecord: 0.0ms)


Started GET "/api/users" for ::1 at 2015-10-25 00:28:30 -0700
Processing by Api::UsersController#index as HTML
  Rendered api/users/index.html.erb (0.6ms)
Completed 200 OK in 3ms (Views: 2.4ms | ActiveRecord: 0.0ms)


Started GET "/api/users" for ::1 at 2015-10-25 00:28:33 -0700
Processing by Api::UsersController#index as HTML
  Rendered api/users/index.html.erb (0.1ms)
Completed 200 OK in 2ms (Views: 2.2ms | ActiveRecord: 0.0ms)


Started GET "/api/users" for ::1 at 2015-10-25 00:28:39 -0700
Processing by Api::UsersController#index as HTML
  Rendered api/users/index.html.erb (0.1ms)
Completed 200 OK in 2ms (Views: 1.7ms | ActiveRecord: 0.0ms)


Started GET "/api/users" for ::1 at 2015-10-25 00:29:18 -0700
Processing by Api::UsersController#index as HTML
  Rendered api/users/index.html.erb (0.1ms)
Completed 200 OK in 2ms (Views: 2.1ms | ActiveRecord: 0.0ms)


Started GET "/api/users" for ::1 at 2015-10-25 00:29:20 -0700
Processing by Api::UsersController#index as HTML
  Rendered api/users/index.html.erb (0.0ms)
Completed 200 OK in 2ms (Views: 1.5ms | ActiveRecord: 0.0ms)


Started GET "/api/users" for ::1 at 2015-10-25 00:29:43 -0700
Processing by Api::UsersController#index as HTML
  Rendered api/users/index.html.erb (0.1ms)
Completed 200 OK in 2ms (Views: 2.0ms | ActiveRecord: 0.0ms)


Started GET "/api/users" for ::1 at 2015-10-25 00:30:09 -0700
Processing by Api::UsersController#index as HTML
  Rendered api/users/index.html.erb (0.1ms)
Completed 200 OK in 1820ms (Views: 2.2ms | ActiveRecord: 0.0ms)


Started POST "/checkout" for ::1 at 2015-10-25 03:50:29 -0700

ActionController::RoutingError (No route matches [POST] "/checkout"):
  actionpack (4.2.4) lib/action_dispatch/middleware/debug_exceptions.rb:21:in `call'
  actionpack (4.2.4) lib/action_dispatch/middleware/show_exceptions.rb:30:in `call'
  railties (4.2.4) lib/rails/rack/logger.rb:38:in `call_app'
  railties (4.2.4) lib/rails/rack/logger.rb:20:in `block in call'
  activesupport (4.2.4) lib/active_support/tagged_logging.rb:68:in `block in tagged'
  activesupport (4.2.4) lib/active_support/tagged_logging.rb:26:in `tagged'
  activesupport (4.2.4) lib/active_support/tagged_logging.rb:68:in `tagged'
  railties (4.2.4) lib/rails/rack/logger.rb:20:in `call'
  actionpack (4.2.4) lib/action_dispatch/middleware/request_id.rb:21:in `call'
  rack (1.6.4) lib/rack/runtime.rb:18:in `call'
  activesupport (4.2.4) lib/active_support/cache/strategy/local_cache_middleware.rb:28:in `call'
  rack (1.6.4) lib/rack/lock.rb:17:in `call'
  actionpack (4.2.4) lib/action_dispatch/middleware/static.rb:116:in `call'
  railties (4.2.4) lib/rails/engine.rb:518:in `call'
  railties (4.2.4) lib/rails/application.rb:165:in `call'
  rack (1.6.4) lib/rack/lock.rb:17:in `call'
  rack (1.6.4) lib/rack/content_length.rb:15:in `call'
  rack (1.6.4) lib/rack/handler/webrick.rb:88:in `service'
  /Users/nruthya/.rbenv/versions/2.2.1/lib/ruby/2.2.0/webrick/httpserver.rb:138:in `service'
  /Users/nruthya/.rbenv/versions/2.2.1/lib/ruby/2.2.0/webrick/httpserver.rb:94:in `run'
  /Users/nruthya/.rbenv/versions/2.2.1/lib/ruby/2.2.0/webrick/server.rb:294:in `block in start_thread'


  Rendered /Users/nruthya/.rbenv/versions/2.2.1/lib/ruby/gems/2.2.0/gems/actionpack-4.2.4/lib/action_dispatch/middleware/templates/rescues/_trace.html.erb (10.2ms)
  Rendered /Users/nruthya/.rbenv/versions/2.2.1/lib/ruby/gems/2.2.0/gems/actionpack-4.2.4/lib/action_dispatch/middleware/templates/routes/_route.html.erb (3.0ms)
  Rendered /Users/nruthya/.rbenv/versions/2.2.1/lib/ruby/gems/2.2.0/gems/actionpack-4.2.4/lib/action_dispatch/middleware/templates/routes/_table.html.erb (80.7ms)
  Rendered /Users/nruthya/.rbenv/versions/2.2.1/lib/ruby/gems/2.2.0/gems/actionpack-4.2.4/lib/action_dispatch/middleware/templates/rescues/_request_and_response.html.erb (12.5ms)
  Rendered /Users/nruthya/.rbenv/versions/2.2.1/lib/ruby/gems/2.2.0/gems/actionpack-4.2.4/lib/action_dispatch/middleware/templates/rescues/routing_error.html.erb within rescues/layout (221.2ms)


Started POST "/checkout" for ::1 at 2015-10-25 05:34:01 -0700

ActionController::RoutingError (No route matches [POST] "/checkout"):
  actionpack (4.2.4) lib/action_dispatch/middleware/debug_exceptions.rb:21:in `call'
  actionpack (4.2.4) lib/action_dispatch/middleware/show_exceptions.rb:30:in `call'
  railties (4.2.4) lib/rails/rack/logger.rb:38:in `call_app'
  railties (4.2.4) lib/rails/rack/logger.rb:20:in `block in call'
  activesupport (4.2.4) lib/active_support/tagged_logging.rb:68:in `block in tagged'
  activesupport (4.2.4) lib/active_support/tagged_logging.rb:26:in `tagged'
  activesupport (4.2.4) lib/active_support/tagged_logging.rb:68:in `tagged'
  railties (4.2.4) lib/rails/rack/logger.rb:20:in `call'
  actionpack (4.2.4) lib/action_dispatch/middleware/request_id.rb:21:in `call'
  rack (1.6.4) lib/rack/runtime.rb:18:in `call'
  activesupport (4.2.4) lib/active_support/cache/strategy/local_cache_middleware.rb:28:in `call'
  rack (1.6.4) lib/rack/lock.rb:17:in `call'
  actionpack (4.2.4) lib/action_dispatch/middleware/static.rb:116:in `call'
  railties (4.2.4) lib/rails/engine.rb:518:in `call'
  railties (4.2.4) lib/rails/application.rb:165:in `call'
  rack (1.6.4) lib/rack/lock.rb:17:in `call'
  rack (1.6.4) lib/rack/content_length.rb:15:in `call'
  rack (1.6.4) lib/rack/handler/webrick.rb:88:in `service'
  /Users/nruthya/.rbenv/versions/2.2.1/lib/ruby/2.2.0/webrick/httpserver.rb:138:in `service'
  /Users/nruthya/.rbenv/versions/2.2.1/lib/ruby/2.2.0/webrick/httpserver.rb:94:in `run'
  /Users/nruthya/.rbenv/versions/2.2.1/lib/ruby/2.2.0/webrick/server.rb:294:in `block in start_thread'


  Rendered /Users/nruthya/.rbenv/versions/2.2.1/lib/ruby/gems/2.2.0/gems/actionpack-4.2.4/lib/action_dispatch/middleware/templates/rescues/_trace.html.erb (4.9ms)
  Rendered /Users/nruthya/.rbenv/versions/2.2.1/lib/ruby/gems/2.2.0/gems/actionpack-4.2.4/lib/action_dispatch/middleware/templates/routes/_route.html.erb (1.9ms)
  Rendered /Users/nruthya/.rbenv/versions/2.2.1/lib/ruby/gems/2.2.0/gems/actionpack-4.2.4/lib/action_dispatch/middleware/templates/routes/_table.html.erb (6.7ms)
  Rendered /Users/nruthya/.rbenv/versions/2.2.1/lib/ruby/gems/2.2.0/gems/actionpack-4.2.4/lib/action_dispatch/middleware/templates/rescues/_request_and_response.html.erb (5.6ms)
  Rendered /Users/nruthya/.rbenv/versions/2.2.1/lib/ruby/gems/2.2.0/gems/actionpack-4.2.4/lib/action_dispatch/middleware/templates/rescues/routing_error.html.erb within rescues/layout (106.2ms)


Started GET "/api/users" for ::1 at 2015-10-25 05:36:14 -0700
Processing by Api::UsersController#index as HTML
  Rendered api/users/index.html.erb (0.7ms)
Completed 200 OK in 529ms (Views: 2.8ms | ActiveRecord: 0.0ms)


Started POST "/checkout" for ::1 at 2015-10-25 05:36:47 -0700

ActionController::RoutingError (No route matches [POST] "/checkout"):
  actionpack (4.2.4) lib/action_dispatch/middleware/debug_exceptions.rb:21:in `call'
  actionpack (4.2.4) lib/action_dispatch/middleware/show_exceptions.rb:30:in `call'
  railties (4.2.4) lib/rails/rack/logger.rb:38:in `call_app'
  railties (4.2.4) lib/rails/rack/logger.rb:20:in `block in call'
  activesupport (4.2.4) lib/active_support/tagged_logging.rb:68:in `block in tagged'
  activesupport (4.2.4) lib/active_support/tagged_logging.rb:26:in `tagged'
  activesupport (4.2.4) lib/active_support/tagged_logging.rb:68:in `tagged'
  railties (4.2.4) lib/rails/rack/logger.rb:20:in `call'
  actionpack (4.2.4) lib/action_dispatch/middleware/request_id.rb:21:in `call'
  rack (1.6.4) lib/rack/runtime.rb:18:in `call'
  activesupport (4.2.4) lib/active_support/cache/strategy/local_cache_middleware.rb:28:in `call'
  rack (1.6.4) lib/rack/lock.rb:17:in `call'
  actionpack (4.2.4) lib/action_dispatch/middleware/static.rb:116:in `call'
  railties (4.2.4) lib/rails/engine.rb:518:in `call'
  railties (4.2.4) lib/rails/application.rb:165:in `call'
  rack (1.6.4) lib/rack/lock.rb:17:in `call'
  rack (1.6.4) lib/rack/content_length.rb:15:in `call'
  rack (1.6.4) lib/rack/handler/webrick.rb:88:in `service'
  /Users/nruthya/.rbenv/versions/2.2.1/lib/ruby/2.2.0/webrick/httpserver.rb:138:in `service'
  /Users/nruthya/.rbenv/versions/2.2.1/lib/ruby/2.2.0/webrick/httpserver.rb:94:in `run'
  /Users/nruthya/.rbenv/versions/2.2.1/lib/ruby/2.2.0/webrick/server.rb:294:in `block in start_thread'


  Rendered /Users/nruthya/.rbenv/versions/2.2.1/lib/ruby/gems/2.2.0/gems/actionpack-4.2.4/lib/action_dispatch/middleware/templates/rescues/_trace.html.erb (1.9ms)
  Rendered /Users/nruthya/.rbenv/versions/2.2.1/lib/ruby/gems/2.2.0/gems/actionpack-4.2.4/lib/action_dispatch/middleware/templates/routes/_route.html.erb (1.6ms)
  Rendered /Users/nruthya/.rbenv/versions/2.2.1/lib/ruby/gems/2.2.0/gems/actionpack-4.2.4/lib/action_dispatch/middleware/templates/routes/_table.html.erb (2.9ms)
  Rendered /Users/nruthya/.rbenv/versions/2.2.1/lib/ruby/gems/2.2.0/gems/actionpack-4.2.4/lib/action_dispatch/middleware/templates/rescues/_request_and_response.html.erb (2.3ms)
  Rendered /Users/nruthya/.rbenv/versions/2.2.1/lib/ruby/gems/2.2.0/gems/actionpack-4.2.4/lib/action_dispatch/middleware/templates/rescues/routing_error.html.erb within rescues/layout (81.8ms)


Started POST "/checkout" for ::1 at 2015-10-25 05:40:17 -0700

ActionController::RoutingError (No route matches [POST] "/checkout"):
  actionpack (4.2.4) lib/action_dispatch/middleware/debug_exceptions.rb:21:in `call'
  actionpack (4.2.4) lib/action_dispatch/middleware/show_exceptions.rb:30:in `call'
  railties (4.2.4) lib/rails/rack/logger.rb:38:in `call_app'
  railties (4.2.4) lib/rails/rack/logger.rb:20:in `block in call'
  activesupport (4.2.4) lib/active_support/tagged_logging.rb:68:in `block in tagged'
  activesupport (4.2.4) lib/active_support/tagged_logging.rb:26:in `tagged'
  activesupport (4.2.4) lib/active_support/tagged_logging.rb:68:in `tagged'
  railties (4.2.4) lib/rails/rack/logger.rb:20:in `call'
  actionpack (4.2.4) lib/action_dispatch/middleware/request_id.rb:21:in `call'
  rack (1.6.4) lib/rack/runtime.rb:18:in `call'
  activesupport (4.2.4) lib/active_support/cache/strategy/local_cache_middleware.rb:28:in `call'
  rack (1.6.4) lib/rack/lock.rb:17:in `call'
  actionpack (4.2.4) lib/action_dispatch/middleware/static.rb:116:in `call'
  railties (4.2.4) lib/rails/engine.rb:518:in `call'
  railties (4.2.4) lib/rails/application.rb:165:in `call'
  rack (1.6.4) lib/rack/lock.rb:17:in `call'
  rack (1.6.4) lib/rack/content_length.rb:15:in `call'
  rack (1.6.4) lib/rack/handler/webrick.rb:88:in `service'
  /Users/nruthya/.rbenv/versions/2.2.1/lib/ruby/2.2.0/webrick/httpserver.rb:138:in `service'
  /Users/nruthya/.rbenv/versions/2.2.1/lib/ruby/2.2.0/webrick/httpserver.rb:94:in `run'
  /Users/nruthya/.rbenv/versions/2.2.1/lib/ruby/2.2.0/webrick/server.rb:294:in `block in start_thread'


  Rendered /Users/nruthya/.rbenv/versions/2.2.1/lib/ruby/gems/2.2.0/gems/actionpack-4.2.4/lib/action_dispatch/middleware/templates/rescues/_trace.html.erb (2.5ms)
  Rendered /Users/nruthya/.rbenv/versions/2.2.1/lib/ruby/gems/2.2.0/gems/actionpack-4.2.4/lib/action_dispatch/middleware/templates/routes/_route.html.erb (2.2ms)
  Rendered /Users/nruthya/.rbenv/versions/2.2.1/lib/ruby/gems/2.2.0/gems/actionpack-4.2.4/lib/action_dispatch/middleware/templates/routes/_table.html.erb (2.8ms)
  Rendered /Users/nruthya/.rbenv/versions/2.2.1/lib/ruby/gems/2.2.0/gems/actionpack-4.2.4/lib/action_dispatch/middleware/templates/rescues/_request_and_response.html.erb (1.7ms)
  Rendered /Users/nruthya/.rbenv/versions/2.2.1/lib/ruby/gems/2.2.0/gems/actionpack-4.2.4/lib/action_dispatch/middleware/templates/rescues/routing_error.html.erb within rescues/layout (80.7ms)


Started GET "/api/users" for ::1 at 2015-10-25 05:40:44 -0700
Processing by Api::UsersController#index as HTML
  Rendered api/users/index.html.erb (1.1ms)
Completed 200 OK in 660ms (Views: 11.2ms | ActiveRecord: 0.0ms)


Started POST "/users" for ::1 at 2015-10-25 05:41:58 -0700

ActionController::RoutingError (No route matches [POST] "/users"):
  actionpack (4.2.4) lib/action_dispatch/middleware/debug_exceptions.rb:21:in `call'
  actionpack (4.2.4) lib/action_dispatch/middleware/show_exceptions.rb:30:in `call'
  railties (4.2.4) lib/rails/rack/logger.rb:38:in `call_app'
  railties (4.2.4) lib/rails/rack/logger.rb:20:in `block in call'
  activesupport (4.2.4) lib/active_support/tagged_logging.rb:68:in `block in tagged'
  activesupport (4.2.4) lib/active_support/tagged_logging.rb:26:in `tagged'
  activesupport (4.2.4) lib/active_support/tagged_logging.rb:68:in `tagged'
  railties (4.2.4) lib/rails/rack/logger.rb:20:in `call'
  actionpack (4.2.4) lib/action_dispatch/middleware/request_id.rb:21:in `call'
  rack (1.6.4) lib/rack/runtime.rb:18:in `call'
  activesupport (4.2.4) lib/active_support/cache/strategy/local_cache_middleware.rb:28:in `call'
  rack (1.6.4) lib/rack/lock.rb:17:in `call'
  actionpack (4.2.4) lib/action_dispatch/middleware/static.rb:116:in `call'
  railties (4.2.4) lib/rails/engine.rb:518:in `call'
  railties (4.2.4) lib/rails/application.rb:165:in `call'
  rack (1.6.4) lib/rack/lock.rb:17:in `call'
  rack (1.6.4) lib/rack/content_length.rb:15:in `call'
  rack (1.6.4) lib/rack/handler/webrick.rb:88:in `service'
  /Users/nruthya/.rbenv/versions/2.2.1/lib/ruby/2.2.0/webrick/httpserver.rb:138:in `service'
  /Users/nruthya/.rbenv/versions/2.2.1/lib/ruby/2.2.0/webrick/httpserver.rb:94:in `run'
  /Users/nruthya/.rbenv/versions/2.2.1/lib/ruby/2.2.0/webrick/server.rb:294:in `block in start_thread'


  Rendered /Users/nruthya/.rbenv/versions/2.2.1/lib/ruby/gems/2.2.0/gems/actionpack-4.2.4/lib/action_dispatch/middleware/templates/rescues/_trace.html.erb (1.8ms)
  Rendered /Users/nruthya/.rbenv/versions/2.2.1/lib/ruby/gems/2.2.0/gems/actionpack-4.2.4/lib/action_dispatch/middleware/templates/routes/_route.html.erb (2.8ms)
  Rendered /Users/nruthya/.rbenv/versions/2.2.1/lib/ruby/gems/2.2.0/gems/actionpack-4.2.4/lib/action_dispatch/middleware/templates/routes/_table.html.erb (1.7ms)
  Rendered /Users/nruthya/.rbenv/versions/2.2.1/lib/ruby/gems/2.2.0/gems/actionpack-4.2.4/lib/action_dispatch/middleware/templates/rescues/_request_and_response.html.erb (1.4ms)
  Rendered /Users/nruthya/.rbenv/versions/2.2.1/lib/ruby/gems/2.2.0/gems/actionpack-4.2.4/lib/action_dispatch/middleware/templates/rescues/routing_error.html.erb within rescues/layout (93.6ms)


Started GET "/api/users" for ::1 at 2015-10-25 05:42:34 -0700
Processing by Api::UsersController#index as HTML
  Rendered api/users/index.html.erb (0.5ms)
Completed 200 OK in 871ms (Views: 1.9ms | ActiveRecord: 0.0ms)


Started POST "/api/users" for ::1 at 2015-10-25 05:42:46 -0700
Processing by Api::UsersController#create as HTML
  Parameters: {"payment_method_nonce"=>"3a14518b-05f8-400f-ade9-d81fcb3bee92"}
Completed 200 OK in 211ms (ActiveRecord: 0.0ms)
